2024-03-10T19:39:58.885906+00:00 CRITICAL 'ansible_navigator.actions.run_8cfd._handle_message' Unhandled message from runner queue, discarded: {'event': 'verbose', 'uuid': 'acffc1c7-e96e-4a25-9962-9be7bf7558ab', 'counter': 1, 'stdout': '\x1b[1;35m[WARNING]: Unable to parse /home/mbehadir/ansible-ex457/inventory as an\x1b[0m', 'start_line': 0, 'end_line': 1, 'runner_ident': 'e6a030b3-eb77-4cba-b382-1241ada49bb4', 'created': '2024-03-10T19:39:58.885306'}
2024-03-10T19:39:58.887144+00:00 CRITICAL 'ansible_navigator.actions.run_8cfd._handle_message' Unhandled message from runner queue, discarded: {'event': 'verbose', 'uuid': '0d06cca4-db90-4f27-b3ea-933aefab7174', 'counter': 2, 'stdout': '\x1b[1;35minventory source\x1b[0m', 'start_line': 1, 'end_line': 2, 'runner_ident': 'e6a030b3-eb77-4cba-b382-1241ada49bb4', 'created': '2024-03-10T19:39:58.886387'}
2024-03-10T19:39:58.887234+00:00 CRITICAL 'ansible_navigator.actions.run_8cfd._handle_message' Unhandled message from runner queue, discarded: {'event': 'verbose', 'uuid': '0d933dde-ba5d-4e96-b466-732a524b6771', 'counter': 3, 'stdout': '\x1b[1;35m[WARNING]: No inventory was parsed, only implicit localhost is available\x1b[0m', 'start_line': 2, 'end_line': 3, 'runner_ident': 'e6a030b3-eb77-4cba-b382-1241ada49bb4', 'created': '2024-03-10T19:39:58.886636'}
2024-03-10T19:39:58.993108+00:00 CRITICAL 'ansible_navigator.actions.run_8cfd._handle_message' Unhandled message from runner queue, discarded: {'event': 'verbose', 'uuid': '3044abb9-7a2d-442b-bce0-ea0ab9fc29cc', 'counter': 4, 'stdout': '\x1b[1;35m[WARNING]: provided hosts list is empty, only localhost is available. Note that\x1b[0m', 'start_line': 3, 'end_line': 4, 'runner_ident': 'e6a030b3-eb77-4cba-b382-1241ada49bb4', 'created': '2024-03-10T19:39:58.889015'}
2024-03-10T19:39:58.993578+00:00 CRITICAL 'ansible_navigator.actions.run_8cfd._handle_message' Unhandled message from runner queue, discarded: {'event': 'verbose', 'uuid': 'c5d9a4b2-5237-471d-85e1-e8e0131f9013', 'counter': 5, 'stdout': "\x1b[1;35mthe implicit localhost does not match 'all'\x1b[0m", 'start_line': 4, 'end_line': 5, 'runner_ident': 'e6a030b3-eb77-4cba-b382-1241ada49bb4', 'created': '2024-03-10T19:39:58.889198'}
2024-03-10T22:01:01.190060+00:00 CRITICAL 'ansible_navigator.actions.run_fc7e._handle_message' Unhandled message from runner queue, discarded: {'event': 'verbose', 'uuid': '9ad23039-da0d-4752-a739-e16a744dcbc8', 'counter': 1, 'stdout': "\x1b[0;31mERROR! 'ntp_servers' is not a valid attribute for a Play\x1b[0m", 'start_line': 0, 'end_line': 1, 'runner_ident': '9eb25c9c-983a-4ad1-a430-1adea70253db', 'created': '2024-03-10T22:01:01.189554'}
2024-03-10T22:01:01.191735+00:00 CRITICAL 'ansible_navigator.actions.run_fc7e._handle_message' Unhandled message from runner queue, discarded: {'event': 'verbose', 'uuid': 'd9a583d1-533c-4188-a6a6-598b0938282d', 'counter': 2, 'stdout': '\x1b[0;31m\x1b[0m', 'start_line': 1, 'end_line': 2, 'runner_ident': '9eb25c9c-983a-4ad1-a430-1adea70253db', 'created': '2024-03-10T22:01:01.190605'}
2024-03-10T22:01:01.191905+00:00 CRITICAL 'ansible_navigator.actions.run_fc7e._handle_message' Unhandled message from runner queue, discarded: {'event': 'verbose', 'uuid': '0197d474-88fd-4808-93b3-a8960dceb936', 'counter': 3, 'stdout': "\x1b[0;31mThe error appears to be in '/home/mbehadir/ansible-ex457/playbooks/fix_ntp.yml': line 2, column 3, but may\x1b[0m", 'start_line': 2, 'end_line': 3, 'runner_ident': '9eb25c9c-983a-4ad1-a430-1adea70253db', 'created': '2024-03-10T22:01:01.190835'}
2024-03-10T22:01:01.192032+00:00 CRITICAL 'ansible_navigator.actions.run_fc7e._handle_message' Unhandled message from runner queue, discarded: {'event': 'verbose', 'uuid': '78fe0de5-de4f-4371-bfa6-def950980852', 'counter': 4, 'stdout': '\x1b[0;31mbe elsewhere in the file depending on the exact syntax problem.\x1b[0m', 'start_line': 3, 'end_line': 4, 'runner_ident': '9eb25c9c-983a-4ad1-a430-1adea70253db', 'created': '2024-03-10T22:01:01.191458'}
2024-03-10T22:01:01.298761+00:00 CRITICAL 'ansible_navigator.actions.run_fc7e._handle_message' Unhandled message from runner queue, discarded: {'event': 'verbose', 'uuid': '3cf61ca2-61eb-4161-99e8-7d9c21165aa0', 'counter': 5, 'stdout': '\x1b[0;31m\x1b[0m', 'start_line': 4, 'end_line': 5, 'runner_ident': '9eb25c9c-983a-4ad1-a430-1adea70253db', 'created': '2024-03-10T22:01:01.192953'}
2024-03-10T22:01:01.298955+00:00 CRITICAL 'ansible_navigator.actions.run_fc7e._handle_message' Unhandled message from runner queue, discarded: {'event': 'verbose', 'uuid': 'ab262677-3123-49dd-a278-1b02395dc839', 'counter': 6, 'stdout': '\x1b[0;31mThe offending line appears to be:\x1b[0m', 'start_line': 5, 'end_line': 6, 'runner_ident': '9eb25c9c-983a-4ad1-a430-1adea70253db', 'created': '2024-03-10T22:01:01.193326'}
2024-03-10T22:01:01.299007+00:00 CRITICAL 'ansible_navigator.actions.run_fc7e._handle_message' Unhandled message from runner queue, discarded: {'event': 'verbose', 'uuid': '43c85319-7f0d-455e-b6b0-acd77dc9eb7b', 'counter': 7, 'stdout': '\x1b[0;31m\x1b[0m', 'start_line': 6, 'end_line': 7, 'runner_ident': '9eb25c9c-983a-4ad1-a430-1adea70253db', 'created': '2024-03-10T22:01:01.193613'}
2024-03-10T22:01:01.299045+00:00 CRITICAL 'ansible_navigator.actions.run_fc7e._handle_message' Unhandled message from runner queue, discarded: {'event': 'verbose', 'uuid': '8348d2da-ed87-4d8d-8845-a2b4619aadbc', 'counter': 8, 'stdout': '\x1b[0;31m---\x1b[0m', 'start_line': 7, 'end_line': 8, 'runner_ident': '9eb25c9c-983a-4ad1-a430-1adea70253db', 'created': '2024-03-10T22:01:01.193793'}
2024-03-10T22:01:01.299078+00:00 CRITICAL 'ansible_navigator.actions.run_fc7e._handle_message' Unhandled message from runner queue, discarded: {'event': 'verbose', 'uuid': '85390ede-8240-49ba-a126-514b3bafbf04', 'counter': 9, 'stdout': '\x1b[0;31m- name: Fix NTP server configuration\x1b[0m', 'start_line': 8, 'end_line': 9, 'runner_ident': '9eb25c9c-983a-4ad1-a430-1adea70253db', 'created': '2024-03-10T22:01:01.193903'}
2024-03-10T22:01:01.299116+00:00 CRITICAL 'ansible_navigator.actions.run_fc7e._handle_message' Unhandled message from runner queue, discarded: {'event': 'verbose', 'uuid': '84a5e34d-9c49-4ba7-a9fe-14edb155234b', 'counter': 10, 'stdout': '\x1b[0;31m  ^ here\x1b[0m', 'start_line': 9, 'end_line': 10, 'runner_ident': '9eb25c9c-983a-4ad1-a430-1adea70253db', 'created': '2024-03-10T22:01:01.194006'}
2024-03-10T22:03:46.871938+00:00 CRITICAL 'ansible_navigator.actions.run_6c40._handle_message' Unhandled message from runner queue, discarded: {'event': 'verbose', 'uuid': '04a9b352-6684-405e-8c27-816d96ccf551', 'counter': 13, 'stdout': '\x1b[1;35m[WARNING]: To ensure idempotency and correct diff the input configuration lines\x1b[0m', 'start_line': 9, 'end_line': 10, 'runner_ident': 'c5bef51d-afca-4e56-a83b-4bbfc7038ac3', 'created': '2024-03-10T22:03:46.863244'}
2024-03-10T22:03:46.872573+00:00 CRITICAL 'ansible_navigator.actions.run_6c40._handle_message' Unhandled message from runner queue, discarded: {'event': 'verbose', 'uuid': 'bcf937ff-69f7-425c-9c9a-827d18d859b0', 'counter': 14, 'stdout': '\x1b[1;35mshould be similar to how they appear if present in the running configuration on\x1b[0m', 'start_line': 10, 'end_line': 11, 'runner_ident': 'c5bef51d-afca-4e56-a83b-4bbfc7038ac3', 'created': '2024-03-10T22:03:46.863848'}
2024-03-10T22:03:46.872728+00:00 CRITICAL 'ansible_navigator.actions.run_6c40._handle_message' Unhandled message from runner queue, discarded: {'event': 'verbose', 'uuid': '2a1eeeac-f63a-440c-b8b6-f5f292499c1e', 'counter': 15, 'stdout': '\x1b[1;35mdevice including the indentation\x1b[0m', 'start_line': 11, 'end_line': 12, 'runner_ident': 'c5bef51d-afca-4e56-a83b-4bbfc7038ac3', 'created': '2024-03-10T22:03:46.864444'}
2024-03-11T21:08:16.830099+00:00 CRITICAL 'ansible_navigator.actions.run_0df1._handle_message' Unhandled message from runner queue, discarded: {'event': 'verbose', 'uuid': 'abac0687-ee77-4f0a-855e-2d1378fc3c51', 'counter': 1, 'stdout': '', 'start_line': 0, 'end_line': 1, 'runner_ident': '4c0df294-cf82-4e8e-b63f-6f397058fdb5', 'created': '2024-03-11T21:08:16.829505'}
2024-03-11T21:08:16.831358+00:00 CRITICAL 'ansible_navigator.actions.run_0df1._handle_message' Unhandled message from runner queue, discarded: {'event': 'verbose', 'uuid': '891e502b-70dd-452f-ac9b-c839a2bcf8a8', 'counter': 2, 'stdout': 'playbook: /home/mbehadir/ansible-ex457/playbooks/implement_orchestration.yml', 'start_line': 1, 'end_line': 2, 'runner_ident': '4c0df294-cf82-4e8e-b63f-6f397058fdb5', 'created': '2024-03-11T21:08:16.830853'}
2024-03-12T20:49:04.851799+00:00 CRITICAL 'ansible_navigator.actions.run_b209._handle_message' Unhandled message from runner queue, discarded: {'event': 'verbose', 'uuid': '99cf1c61-d88d-4847-9518-3040dd687144', 'counter': 1, 'stdout': 'Error: /home/mbehadir/ansible-ex457/: duplicate mount destination', 'start_line': 0, 'end_line': 1, 'runner_ident': '229ec9fe-d279-45cd-b578-3c8ec29f1ff9', 'created': '2024-03-12T20:49:04.851232'}
2024-03-12T20:49:24.171307+00:00 CRITICAL 'ansible_navigator.actions.run_a00a._handle_message' Unhandled message from runner queue, discarded: {'event': 'verbose', 'uuid': '221bf8d9-e1c1-4b4d-87f2-0bdfa0f56046', 'counter': 1, 'stdout': 'Error: SELinux relabeling of /home/mbehadir is not allowed', 'start_line': 0, 'end_line': 1, 'runner_ident': 'ef22442f-4096-4d67-b8d9-5944ffce221b', 'created': '2024-03-12T20:49:24.170349'}
2024-03-12T20:49:37.821666+00:00 INFO 'ansible_navigator.setup_logger' New ansible-navigator instance, logging initialized
2024-03-12T20:49:37.822110+00:00 INFO 'ansible_navigator.setup_logger' New ansible-runner instance, logging initialized
2024-03-12T20:49:37.822276+00:00 DEBUG 'ansible_navigator.main' Jinja2==3.1.3 
2024-03-12T20:49:37.822395+00:00 DEBUG 'ansible_navigator.main' MarkupSafe==2.1.0 
2024-03-12T20:49:37.822465+00:00 DEBUG 'ansible_navigator.main' PyYAML==5.4.1 
2024-03-12T20:49:37.822512+00:00 DEBUG 'ansible_navigator.main' ansible-builder==3.0.1 
2024-03-12T20:49:37.822554+00:00 DEBUG 'ansible_navigator.main' ansible-core==2.14.9 
2024-03-12T20:49:37.822595+00:00 DEBUG 'ansible_navigator.main' ansible-navigator==3.4.1 
2024-03-12T20:49:37.822636+00:00 DEBUG 'ansible_navigator.main' ansible-runner==2.3.5 
2024-03-12T20:49:37.822675+00:00 DEBUG 'ansible_navigator.main' attrs==21.4.0 /usr/lib/python3.9/site-packages/attrs/__init__.py
2024-03-12T20:49:37.822715+00:00 DEBUG 'ansible_navigator.main' bindep==2.10.2 /usr/lib/python3.9/site-packages/bindep/__init__.py
2024-03-12T20:49:37.822754+00:00 DEBUG 'ansible_navigator.main' certifi==2022.12.7 /usr/lib/python3.9/site-packages/certifi/__init__.py
2024-03-12T20:49:37.822792+00:00 DEBUG 'ansible_navigator.main' cffi==1.15.0 /usr/lib64/python3.9/site-packages/cffi/__init__.py
2024-03-12T20:49:37.822831+00:00 DEBUG 'ansible_navigator.main' charset-normalizer==2.0.11 
2024-03-12T20:49:37.822870+00:00 DEBUG 'ansible_navigator.main' click==8.1.3 /usr/lib/python3.9/site-packages/click/__init__.py
2024-03-12T20:49:37.822909+00:00 DEBUG 'ansible_navigator.main' cockpit==300.3 /usr/lib/python3.9/site-packages/cockpit/__init__.py
2024-03-12T20:49:37.822948+00:00 DEBUG 'ansible_navigator.main' cryptography==38.0.4 /usr/lib64/python3.9/site-packages/cryptography/__init__.py
2024-03-12T20:49:37.822988+00:00 DEBUG 'ansible_navigator.main' dasbus==1.4 /usr/lib/python3.9/site-packages/dasbus/__init__.py
2024-03-12T20:49:37.823026+00:00 DEBUG 'ansible_navigator.main' dbus-python==1.2.18 
2024-03-12T20:49:37.823065+00:00 DEBUG 'ansible_navigator.main' decorator==4.4.2 /usr/lib/python3.9/site-packages/decorator.py
2024-03-12T20:49:37.823103+00:00 DEBUG 'ansible_navigator.main' distro==1.6.0 /usr/lib/python3.9/site-packages/distro.py
2024-03-12T20:49:37.823141+00:00 DEBUG 'ansible_navigator.main' docutils==0.16 /usr/lib/python3.9/site-packages/docutils/__init__.py
2024-03-12T20:49:37.823179+00:00 DEBUG 'ansible_navigator.main' file-magic==0.4.0 
2024-03-12T20:49:37.823216+00:00 DEBUG 'ansible_navigator.main' idna==3.3 /usr/lib/python3.9/site-packages/idna/__init__.py
2024-03-12T20:49:37.823253+00:00 DEBUG 'ansible_navigator.main' importlib-metadata==6.0.1 
2024-03-12T20:49:37.823291+00:00 DEBUG 'ansible_navigator.main' iniparse==0.4 /usr/lib/python3.9/site-packages/iniparse/__init__.py
2024-03-12T20:49:37.823341+00:00 DEBUG 'ansible_navigator.main' jsonschema==4.16.0 /usr/lib/python3.9/site-packages/jsonschema/__init__.py
2024-03-12T20:49:37.823381+00:00 DEBUG 'ansible_navigator.main' lockfile==0.12.2 /usr/lib/python3.9/site-packages/lockfile/__init__.py
2024-03-12T20:49:37.823418+00:00 DEBUG 'ansible_navigator.main' lxml==4.6.5 /usr/lib64/python3.9/site-packages/lxml/__init__.py
2024-03-12T20:49:37.823473+00:00 DEBUG 'ansible_navigator.main' onigurumacffi==1.1.0 /usr/lib64/python3.9/site-packages/onigurumacffi.py
2024-03-12T20:49:37.823513+00:00 DEBUG 'ansible_navigator.main' packaging==21.3 /usr/lib/python3.9/site-packages/packaging/__init__.py
2024-03-12T20:49:37.823551+00:00 DEBUG 'ansible_navigator.main' pbr==5.8.1 /usr/lib/python3.9/site-packages/pbr/__init__.py
2024-03-12T20:49:37.823590+00:00 DEBUG 'ansible_navigator.main' perf==0.1 /usr/lib64/python3.9/site-packages/perf.cpython-39-x86_64-linux-gnu.so
2024-03-12T20:49:37.823629+00:00 DEBUG 'ansible_navigator.main' psutil==5.8.0 /usr/lib64/python3.9/site-packages/psutil/__init__.py
2024-03-12T20:49:37.823668+00:00 DEBUG 'ansible_navigator.main' psycopg2==2.9.3 /usr/lib64/python3.9/site-packages/psycopg2/__init__.py
2024-03-12T20:49:37.823706+00:00 DEBUG 'ansible_navigator.main' pycairo==1.20.1 
2024-03-12T20:49:37.823744+00:00 DEBUG 'ansible_navigator.main' pycparser==2.21 /usr/lib/python3.9/site-packages/pycparser/__init__.py
2024-03-12T20:49:37.823782+00:00 DEBUG 'ansible_navigator.main' pyinotify==0.9.6 /usr/lib/python3.9/site-packages/pyinotify.py
2024-03-12T20:49:37.823821+00:00 DEBUG 'ansible_navigator.main' pyrsistent==0.17.3 /usr/lib64/python3.9/site-packages/pyrsistent/__init__.py
2024-03-12T20:49:37.823859+00:00 DEBUG 'ansible_navigator.main' python-daemon==2.3.0 
2024-03-12T20:49:37.823898+00:00 DEBUG 'ansible_navigator.main' python-dateutil==2.8.1 
2024-03-12T20:49:37.823938+00:00 DEBUG 'ansible_navigator.main' python-linux-procfs==0.7.0 
2024-03-12T20:49:37.823985+00:00 DEBUG 'ansible_navigator.main' pyudev==0.22.0 /usr/lib/python3.9/site-packages/pyudev/__init__.py
2024-03-12T20:49:37.824025+00:00 DEBUG 'ansible_navigator.main' receptorctl==1.4.1 /usr/lib/python3.9/site-packages/receptorctl/__init__.py
2024-03-12T20:49:37.824063+00:00 DEBUG 'ansible_navigator.main' requests==2.28.2 /usr/lib/python3.9/site-packages/requests/__init__.py
2024-03-12T20:49:37.824101+00:00 DEBUG 'ansible_navigator.main' requirements-parser==0.2.0 
2024-03-12T20:49:37.824140+00:00 DEBUG 'ansible_navigator.main' resolvelib==0.5.4 /usr/lib/python3.9/site-packages/resolvelib/__init__.py
2024-03-12T20:49:37.824179+00:00 DEBUG 'ansible_navigator.main' selinux==3.5 /usr/lib64/python3.9/site-packages/selinux/__init__.py
2024-03-12T20:49:37.824217+00:00 DEBUG 'ansible_navigator.main' sepolicy==3.5 /usr/lib/python3.9/site-packages/sepolicy/__init__.py
2024-03-12T20:49:37.824256+00:00 DEBUG 'ansible_navigator.main' setools==4.4.3 /usr/lib64/python3.9/site-packages/setools/__init__.py
2024-03-12T20:49:37.824294+00:00 DEBUG 'ansible_navigator.main' setroubleshoot==3.3.32 /usr/lib/python3.9/site-packages/setroubleshoot/__init__.py
2024-03-12T20:49:37.824333+00:00 DEBUG 'ansible_navigator.main' setuptools==53.0.0 /usr/lib/python3.9/site-packages/setuptools/__init__.py
2024-03-12T20:49:37.824371+00:00 DEBUG 'ansible_navigator.main' six==1.16.0 /usr/lib/python3.9/site-packages/six.py
2024-03-12T20:49:37.824409+00:00 DEBUG 'ansible_navigator.main' sos==4.6.1 /usr/lib/python3.9/site-packages/sos/__init__.py
2024-03-12T20:49:37.824447+00:00 DEBUG 'ansible_navigator.main' subscription-manager==1.29.38 
2024-03-12T20:49:37.824487+00:00 DEBUG 'ansible_navigator.main' supervisor==4.2.4 /usr/lib/python3.9/site-packages/supervisor/__init__.py
2024-03-12T20:49:37.824525+00:00 DEBUG 'ansible_navigator.main' urllib3==1.26.8 /usr/lib/python3.9/site-packages/urllib3/__init__.py
2024-03-12T20:49:37.824564+00:00 DEBUG 'ansible_navigator.main' zipp==3.4.0 /usr/lib/python3.9/site-packages/zipp.py
2024-03-12T20:49:37.824602+00:00 DEBUG 'ansible_navigator.main' Default collection_doc_cache_path set to: /home/mbehadir/.cache/ansible-navigator/collection_doc_cache.db
2024-03-12T20:49:37.824650+00:00 DEBUG 'ansible_navigator.main' EDITOR environment variable not set
2024-03-12T20:49:37.824692+00:00 DEBUG 'ansible_navigator.main' Default editor_command set to: vi +{line_number} {filename}
2024-03-12T20:49:37.824731+00:00 DEBUG 'ansible_navigator.main' No config file set by ANSIBLE_NAVIGATOR_CONFIG
2024-03-12T20:49:37.824771+00:00 DEBUG 'ansible_navigator.main' Looking in /home/mbehadir
2024-03-12T20:49:37.824811+00:00 DEBUG 'ansible_navigator.main' Looking for '/home/mbehadir/.ansible-navigator.yml', '/home/mbehadir/.ansible-navigator.yaml' and '/home/mbehadir/.ansible-navigator.json'
2024-03-12T20:49:37.824852+00:00 DEBUG 'ansible_navigator.main' Found 0: 
2024-03-12T20:49:37.824892+00:00 DEBUG 'ansible_navigator.main' Looking in /home/mbehadir/ansible-ex457
2024-03-12T20:49:37.824932+00:00 DEBUG 'ansible_navigator.main' Looking for '/home/mbehadir/ansible-ex457/ansible-navigator.yml', '/home/mbehadir/ansible-ex457/ansible-navigator.yaml' and '/home/mbehadir/ansible-ex457/ansible-navigator.json'
2024-03-12T20:49:37.824971+00:00 DEBUG 'ansible_navigator.main' Found 1: '/home/mbehadir/ansible-ex457/ansible-navigator.yml'
2024-03-12T20:49:37.825010+00:00 DEBUG 'ansible_navigator.main' All found 1: '/home/mbehadir/ansible-ex457/ansible-navigator.yml'
2024-03-12T20:49:37.825049+00:00 DEBUG 'ansible_navigator.main' Using: /home/mbehadir/ansible-ex457/ansible-navigator.yml
2024-03-12T20:49:37.825087+00:00 DEBUG 'ansible_navigator.main' Using settings file at /home/mbehadir/ansible-ex457/ansible-navigator.yml in search path
2024-03-12T20:49:37.825125+00:00 DEBUG 'ansible_navigator.main' Command provided: 'run playbooks/backup.yml --vault-id mbehadir@.vault_password --eev /home/mbehadir -m stdout'
2024-03-12T20:49:37.825164+00:00 DEBUG 'ansible_navigator.main' ansible-navigator.ansible-runner.artifact-dir not found in settings file
2024-03-12T20:49:37.825202+00:00 DEBUG 'ansible_navigator.main' ansible-navigator.ansible-runner.rotate-artifacts-count not found in settings file
2024-03-12T20:49:37.825240+00:00 DEBUG 'ansible_navigator.main' ansible-navigator.ansible-runner.timeout not found in settings file
2024-03-12T20:49:37.825278+00:00 DEBUG 'ansible_navigator.main' ansible-navigator.ansible-runner.job-events not found in settings file
2024-03-12T20:49:37.825317+00:00 DEBUG 'ansible_navigator.main' ansible-navigator.app not found in settings file
2024-03-12T20:49:37.825356+00:00 DEBUG 'ansible_navigator.main' ansible-navigator.ansible.cmdline not found in settings file
2024-03-12T20:49:37.825394+00:00 DEBUG 'ansible_navigator.main' ansible-navigator.collection-doc-cache-path not found in settings file
2024-03-12T20:49:37.825433+00:00 DEBUG 'ansible_navigator.main' ansible-navigator.ansible.config.path not found in settings file
2024-03-12T20:49:37.825472+00:00 DEBUG 'ansible_navigator.main' ansible-navigator.execution-environment.container-options not found in settings file
2024-03-12T20:49:37.825511+00:00 DEBUG 'ansible_navigator.main' ansible-navigator.color.enable not found in settings file
2024-03-12T20:49:37.825549+00:00 DEBUG 'ansible_navigator.main' ansible-navigator.editor.command not found in settings file
2024-03-12T20:49:37.825587+00:00 DEBUG 'ansible_navigator.main' ansible-navigator.editor.console not found in settings file
2024-03-12T20:49:37.825626+00:00 DEBUG 'ansible_navigator.main' ansible-navigator.enable-prompts not found in settings file
2024-03-12T20:49:37.825671+00:00 DEBUG 'ansible_navigator.main' ansible-navigator.exec.command not found in settings file
2024-03-12T20:49:37.825710+00:00 DEBUG 'ansible_navigator.main' ansible-navigator.exec.shell not found in settings file
2024-03-12T20:49:37.825747+00:00 DEBUG 'ansible_navigator.main' ansible-navigator.execution-environment.enabled not found in settings file
2024-03-12T20:49:37.825783+00:00 DEBUG 'ansible_navigator.main' ansible-navigator.execution-environment.volume-mounts not found in settings file
2024-03-12T20:49:37.825820+00:00 DEBUG 'ansible_navigator.main' ansible-navigator.format not found in settings file
2024-03-12T20:49:37.825865+00:00 DEBUG 'ansible_navigator.main' ansible-navigator.ansible-builder.help not found in settings file
2024-03-12T20:49:37.825995+00:00 DEBUG 'ansible_navigator.main' ansible-navigator.ansible.config.help not found in settings file
2024-03-12T20:49:37.826058+00:00 DEBUG 'ansible_navigator.main' ansible-navigator.ansible.doc.help not found in settings file
2024-03-12T20:49:37.826102+00:00 DEBUG 'ansible_navigator.main' ansible-navigator.ansible.inventory.help not found in settings file
2024-03-12T20:49:37.826143+00:00 DEBUG 'ansible_navigator.main' ansible-navigator.ansible.playbook.help not found in settings file
2024-03-12T20:49:37.826183+00:00 DEBUG 'ansible_navigator.main' ansible-navigator.images.details not found in settings file
2024-03-12T20:49:37.826221+00:00 DEBUG 'ansible_navigator.main' ansible-navigator.inventory-columns not found in settings file
2024-03-12T20:49:37.826260+00:00 DEBUG 'ansible_navigator.main' ansible-navigator.ansible-lint.config not found in settings file
2024-03-12T20:49:37.826298+00:00 DEBUG 'ansible_navigator.main' ansible-navigator.ansible-lint.lintables not found in settings file
2024-03-12T20:49:37.826335+00:00 DEBUG 'ansible_navigator.main' ansible-navigator.logging.append not found in settings file
2024-03-12T20:49:37.826373+00:00 DEBUG 'ansible_navigator.main' ansible-navigator.logging.file not found in settings file
2024-03-12T20:49:37.826410+00:00 DEBUG 'ansible_navigator.main' ansible-navigator.logging.level not found in settings file
2024-03-12T20:49:37.826448+00:00 DEBUG 'ansible_navigator.main' ansible-navigator.mode not found in settings file
2024-03-12T20:49:37.826485+00:00 DEBUG 'ansible_navigator.main' ansible-navigator.color.osc4 not found in settings file
2024-03-12T20:49:37.826523+00:00 DEBUG 'ansible_navigator.main' ansible-navigator.execution-environment.environment-variables.pass not found in settings file
2024-03-12T20:49:37.826560+00:00 DEBUG 'ansible_navigator.main' ansible-navigator.ansible.playbook.path not found in settings file
2024-03-12T20:49:37.826598+00:00 DEBUG 'ansible_navigator.main' ansible-navigator.playbook-artifact.replay not found in settings file
2024-03-12T20:49:37.826636+00:00 DEBUG 'ansible_navigator.main' ansible-navigator.playbook-artifact.save-as not found in settings file
2024-03-12T20:49:37.826674+00:00 DEBUG 'ansible_navigator.main' ansible-navigator.ansible.doc.plugin.name not found in settings file
2024-03-12T20:49:37.826712+00:00 DEBUG 'ansible_navigator.main' ansible-navigator.ansible.doc.plugin.type not found in settings file
2024-03-12T20:49:37.826749+00:00 DEBUG 'ansible_navigator.main' ansible-navigator.execution-environment.pull.arguments not found in settings file
2024-03-12T20:49:37.826787+00:00 DEBUG 'ansible_navigator.main' ansible-navigator.execution-environment.environment-variables.set not found in settings file
2024-03-12T20:49:37.826824+00:00 DEBUG 'ansible_navigator.main' ansible-navigator.settings.effective not found in settings file
2024-03-12T20:49:37.826869+00:00 DEBUG 'ansible_navigator.main' ansible-navigator.settings.sample not found in settings file
2024-03-12T20:49:37.826906+00:00 DEBUG 'ansible_navigator.main' ansible-navigator.settings.schema not found in settings file
2024-03-12T20:49:37.826943+00:00 DEBUG 'ansible_navigator.main' ansible-navigator.settings.sources not found in settings file
2024-03-12T20:49:37.826980+00:00 DEBUG 'ansible_navigator.main' ansible-navigator.time-zone not found in settings file
2024-03-12T20:49:37.827017+00:00 DEBUG 'ansible_navigator.main' ansible-navigator.ansible-builder.workdir not found in settings file
2024-03-12T20:49:37.827055+00:00 DEBUG 'ansible_navigator.main' EE support enabled: using current working directory for 'ansible.cfg'
2024-03-12T20:49:37.827091+00:00 INFO 'ansible_navigator.main' EE support enabled: no 'ansible.cfg' found in current working directory. Tried /home/mbehadir/ansible-ex457/ansible.cfg
2024-03-12T20:49:37.827140+00:00 DEBUG 'ansible_navigator.main' Completed post processing for ansible_runner_artifact_dir. (changed=False)
2024-03-12T20:49:37.827189+00:00 DEBUG 'ansible_navigator.main' Completed post processing for ansible_runner_rotate_artifacts_count. (changed=False)
2024-03-12T20:49:37.827229+00:00 DEBUG 'ansible_navigator.main' Completed post processing for ansible_runner_timeout. (changed=False)
2024-03-12T20:49:37.827266+00:00 DEBUG 'ansible_navigator.main' Completed post processing for cmdline. (changed=False)
2024-03-12T20:49:37.827303+00:00 DEBUG 'ansible_navigator.main' Completed post processing for collection_doc_cache_path. (changed=False)
2024-03-12T20:49:37.827341+00:00 DEBUG 'ansible_navigator.main' Completed post processing for container_engine. (changed=False)
2024-03-12T20:49:37.827379+00:00 DEBUG 'ansible_navigator.main' Completed post processing for container_options. (changed=False)
2024-03-12T20:49:37.827415+00:00 DEBUG 'ansible_navigator.main' Completed post processing for display_color. (changed=False)
2024-03-12T20:49:37.827452+00:00 DEBUG 'ansible_navigator.main' Completed post processing for enable_prompts. (changed=False)
2024-03-12T20:49:37.827488+00:00 DEBUG 'ansible_navigator.main' Completed post processing for execution_environment. (changed=False)
2024-03-12T20:49:37.827525+00:00 DEBUG 'ansible_navigator.main' Completed post processing for execution_environment_image. (changed=False)
2024-03-12T20:49:37.827561+00:00 DEBUG 'ansible_navigator.main' Completed post processing for help_builder. (changed=False)
2024-03-12T20:49:37.827606+00:00 DEBUG 'ansible_navigator.main' Completed post processing for help_config. (changed=False)
2024-03-12T20:49:37.827643+00:00 DEBUG 'ansible_navigator.main' Completed post processing for help_doc. (changed=False)
2024-03-12T20:49:37.827680+00:00 DEBUG 'ansible_navigator.main' Completed post processing for help_inventory. (changed=False)
2024-03-12T20:49:37.827717+00:00 DEBUG 'ansible_navigator.main' Completed post processing for help_playbook. (changed=False)
2024-03-12T20:49:37.827753+00:00 DEBUG 'ansible_navigator.main' Completed post processing for images_details. (changed=False)
2024-03-12T20:49:37.827790+00:00 DEBUG 'ansible_navigator.main' Completed post processing for inventory. (changed=True)
2024-03-12T20:49:37.827826+00:00 DEBUG 'ansible_navigator.main'  before: '['./inventory']'
2024-03-12T20:49:37.827863+00:00 DEBUG 'ansible_navigator.main'  after: '['/home/mbehadir/ansible-ex457/inventory']'
2024-03-12T20:49:37.827900+00:00 DEBUG 'ansible_navigator.main' Completed post processing for inventory_column. (changed=False)
2024-03-12T20:49:37.827936+00:00 DEBUG 'ansible_navigator.main' Completed post processing for log_file. (changed=False)
2024-03-12T20:49:37.827974+00:00 DEBUG 'ansible_navigator.main' Completed post processing for pass_environment_variable. (changed=False)
2024-03-12T20:49:37.828011+00:00 DEBUG 'ansible_navigator.main' Completed post processing for playbook. (changed=True)
2024-03-12T20:49:37.828047+00:00 DEBUG 'ansible_navigator.main'  before: 'playbooks/backup.yml'
2024-03-12T20:49:37.828084+00:00 DEBUG 'ansible_navigator.main'  after: '/home/mbehadir/ansible-ex457/playbooks/backup.yml'
2024-03-12T20:49:37.828120+00:00 DEBUG 'ansible_navigator.main' Completed post processing for playbook_artifact_replay. (changed=False)
2024-03-12T20:49:37.828156+00:00 DEBUG 'ansible_navigator.main' Completed post processing for playbook_artifact_save_as. (changed=False)
2024-03-12T20:49:37.828193+00:00 DEBUG 'ansible_navigator.main' Completed post processing for plugin_name. (changed=False)
2024-03-12T20:49:37.828228+00:00 DEBUG 'ansible_navigator.main' Completed post processing for pull_arguments. (changed=False)
2024-03-12T20:49:37.828265+00:00 DEBUG 'ansible_navigator.main' Completed post processing for set_environment_variable. (changed=False)
2024-03-12T20:49:37.828303+00:00 DEBUG 'ansible_navigator.main' Completed post processing for settings_effective. (changed=False)
2024-03-12T20:49:37.828339+00:00 DEBUG 'ansible_navigator.main' Completed post processing for settings_sample. (changed=False)
2024-03-12T20:49:37.828480+00:00 DEBUG 'ansible_navigator.main' Completed post processing for settings_schema. (changed=False)
2024-03-12T20:49:37.828557+00:00 DEBUG 'ansible_navigator.main' Completed post processing for settings_sources. (changed=False)
2024-03-12T20:49:37.828605+00:00 DEBUG 'ansible_navigator.main' Completed post processing for time_zone. (changed=False)
2024-03-12T20:49:37.828647+00:00 DEBUG 'ansible_navigator.main' Completed post processing for execution_environment_volume_mounts. (changed=False)
2024-03-12T20:49:37.828686+00:00 DEBUG 'ansible_navigator.main' Completed post processing for mode. (changed=False)
2024-03-12T20:49:37.828726+00:00 DEBUG 'ansible_navigator.main' Completed post processing for playbook_artifact_enable. (changed=False)
2024-03-12T20:49:37.828773+00:00 WARNING 'ansible_navigator.main' Configuration errors encountered, rolling back to previous configuration.
2024-03-12T20:49:37.828817+00:00 DEBUG 'ansible_navigator.main' Prior to rollback: ansible_runner_artifact_dir = 'Not set' (Constants/Not set)
2024-03-12T20:49:37.828858+00:00 DEBUG 'ansible_navigator.main' Prior to rollback: ansible_runner_rotate_artifacts_count = 'Not set' (Constants/Not set)
2024-03-12T20:49:37.828899+00:00 DEBUG 'ansible_navigator.main' Prior to rollback: ansible_runner_timeout = 'Not set' (Constants/Not set)
2024-03-12T20:49:37.828938+00:00 DEBUG 'ansible_navigator.main' Prior to rollback: ansible_runner_write_job_events = 'False' (bool/Defaults)
2024-03-12T20:49:37.828976+00:00 DEBUG 'ansible_navigator.main' Prior to rollback: app = 'run' (str/Command line)
2024-03-12T20:49:37.829016+00:00 DEBUG 'ansible_navigator.main' Prior to rollback: cmdline = '['--vault-id', 'mbehadir@.vault_password']' (list/Command line)
2024-03-12T20:49:37.829064+00:00 DEBUG 'ansible_navigator.main' Prior to rollback: collection_doc_cache_path = '/home/mbehadir/.cache/ansible-navigator/collection_doc_cache.db' (str/Defaults)
2024-03-12T20:49:37.829103+00:00 DEBUG 'ansible_navigator.main' Prior to rollback: config = 'Not set' (Constants/Not set)
2024-03-12T20:49:37.829142+00:00 DEBUG 'ansible_navigator.main' Prior to rollback: container_engine = 'podman' (str/Settings file)
2024-03-12T20:49:37.829181+00:00 DEBUG 'ansible_navigator.main' Prior to rollback: container_options = 'Not set' (Constants/Not set)
2024-03-12T20:49:37.829219+00:00 DEBUG 'ansible_navigator.main' Prior to rollback: display_color = 'True' (bool/Defaults)
2024-03-12T20:49:37.829256+00:00 DEBUG 'ansible_navigator.main' Prior to rollback: editor_command = 'vi +{line_number} {filename}' (str/Defaults)
2024-03-12T20:49:37.829294+00:00 DEBUG 'ansible_navigator.main' Prior to rollback: editor_console = 'True' (bool/Defaults)
2024-03-12T20:49:37.829331+00:00 DEBUG 'ansible_navigator.main' Prior to rollback: enable_prompts = 'False' (bool/Defaults)
2024-03-12T20:49:37.829368+00:00 DEBUG 'ansible_navigator.main' Prior to rollback: exec_command = '/bin/bash' (str/Defaults)
2024-03-12T20:49:37.829406+00:00 DEBUG 'ansible_navigator.main' Prior to rollback: exec_shell = 'True' (bool/Defaults)
2024-03-12T20:49:37.829443+00:00 DEBUG 'ansible_navigator.main' Prior to rollback: execution_environment = 'True' (bool/Defaults)
2024-03-12T20:49:37.829486+00:00 DEBUG 'ansible_navigator.main' Prior to rollback: execution_environment_image = 'registry.redhat.io/ansible-automation-platform-24/ee-supported-rhel8:latest' (str/Settings file)
2024-03-12T20:49:37.829525+00:00 DEBUG 'ansible_navigator.main' Prior to rollback: execution_environment_volume_mounts = '[['/home/mbehadir']]' (list/Command line)
2024-03-12T20:49:37.829563+00:00 DEBUG 'ansible_navigator.main' Prior to rollback: format = 'yaml' (str/Defaults)
2024-03-12T20:49:37.829601+00:00 DEBUG 'ansible_navigator.main' Prior to rollback: help_builder = 'False' (bool/Defaults)
2024-03-12T20:49:37.829639+00:00 DEBUG 'ansible_navigator.main' Prior to rollback: help_config = 'False' (bool/Defaults)
2024-03-12T20:49:37.829676+00:00 DEBUG 'ansible_navigator.main' Prior to rollback: help_doc = 'False' (bool/Defaults)
2024-03-12T20:49:37.829712+00:00 DEBUG 'ansible_navigator.main' Prior to rollback: help_inventory = 'False' (bool/Defaults)
2024-03-12T20:49:37.829757+00:00 DEBUG 'ansible_navigator.main' Prior to rollback: help_playbook = 'False' (bool/Defaults)
2024-03-12T20:49:37.829796+00:00 DEBUG 'ansible_navigator.main' Prior to rollback: images_details = '['everything']' (list/Defaults)
2024-03-12T20:49:37.829834+00:00 DEBUG 'ansible_navigator.main' Prior to rollback: inventory = '['/home/mbehadir/ansible-ex457/inventory']' (list/Settings file)
2024-03-12T20:49:37.829870+00:00 DEBUG 'ansible_navigator.main' Prior to rollback: inventory_column = 'Not set' (Constants/Not set)
2024-03-12T20:49:37.829908+00:00 DEBUG 'ansible_navigator.main' Prior to rollback: lint_config = 'Not set' (Constants/Not set)
2024-03-12T20:49:37.830024+00:00 DEBUG 'ansible_navigator.main' Prior to rollback: lintables = 'Not set' (Constants/Not set)
2024-03-12T20:49:37.830092+00:00 DEBUG 'ansible_navigator.main' Prior to rollback: log_append = 'True' (bool/Defaults)
2024-03-12T20:49:37.830127+00:00 DEBUG 'ansible_navigator.main' Prior to rollback: log_file = '/home/mbehadir/ansible-ex457/ansible-navigator.log' (str/Defaults)
2024-03-12T20:49:37.830155+00:00 DEBUG 'ansible_navigator.main' Prior to rollback: log_level = 'warning' (str/Defaults)
2024-03-12T20:49:37.830182+00:00 DEBUG 'ansible_navigator.main' Prior to rollback: mode = 'stdout' (str/Command line)
2024-03-12T20:49:37.830208+00:00 DEBUG 'ansible_navigator.main' Prior to rollback: osc4 = 'True' (bool/Defaults)
2024-03-12T20:49:37.830233+00:00 DEBUG 'ansible_navigator.main' Prior to rollback: pass_environment_variable = 'Not set' (Constants/Not set)
2024-03-12T20:49:37.830259+00:00 DEBUG 'ansible_navigator.main' Prior to rollback: playbook = '/home/mbehadir/ansible-ex457/playbooks/backup.yml' (str/Command line)
2024-03-12T20:49:37.830283+00:00 DEBUG 'ansible_navigator.main' Prior to rollback: playbook_artifact_enable = 'False' (bool/Settings file)
2024-03-12T20:49:37.830309+00:00 DEBUG 'ansible_navigator.main' Prior to rollback: playbook_artifact_replay = 'Not set' (Constants/Not set)
2024-03-12T20:49:37.830334+00:00 DEBUG 'ansible_navigator.main' Prior to rollback: playbook_artifact_save_as = '{playbook_dir}/{playbook_name}-artifact-{time_stamp}.json' (str/Defaults)
2024-03-12T20:49:37.830359+00:00 DEBUG 'ansible_navigator.main' Prior to rollback: plugin_name = 'Not set' (Constants/Not set)
2024-03-12T20:49:37.830384+00:00 DEBUG 'ansible_navigator.main' Prior to rollback: plugin_type = 'module' (str/Defaults)
2024-03-12T20:49:37.830408+00:00 DEBUG 'ansible_navigator.main' Prior to rollback: pull_arguments = 'Not set' (Constants/Not set)
2024-03-12T20:49:37.830431+00:00 DEBUG 'ansible_navigator.main' Prior to rollback: pull_policy = 'missing' (str/Settings file)
2024-03-12T20:49:37.830456+00:00 DEBUG 'ansible_navigator.main' Prior to rollback: set_environment_variable = 'Not set' (Constants/Not set)
2024-03-12T20:49:37.830487+00:00 DEBUG 'ansible_navigator.main' Prior to rollback: settings_effective = 'False' (bool/Defaults)
2024-03-12T20:49:37.830511+00:00 DEBUG 'ansible_navigator.main' Prior to rollback: settings_sample = 'False' (bool/Defaults)
2024-03-12T20:49:37.830536+00:00 DEBUG 'ansible_navigator.main' Prior to rollback: settings_schema = 'json' (str/Defaults)
2024-03-12T20:49:37.830564+00:00 DEBUG 'ansible_navigator.main' Prior to rollback: settings_sources = 'False' (bool/Defaults)
2024-03-12T20:49:37.830590+00:00 DEBUG 'ansible_navigator.main' Prior to rollback: time_zone = 'UTC' (str/Defaults)
2024-03-12T20:49:37.830620+00:00 DEBUG 'ansible_navigator.main' Prior to rollback: workdir = '/home/mbehadir/ansible-ex457' (str/Defaults)
2024-03-12T20:49:37.830644+00:00 DEBUG 'ansible_navigator.main' After rollback: ansible_runner_artifact_dir = 'Not set' (Constants/Not set)
2024-03-12T20:49:37.830658+00:00 DEBUG 'ansible_navigator.main' After rollback: ansible_runner_rotate_artifacts_count = 'Not set' (Constants/Not set)
2024-03-12T20:49:37.830672+00:00 DEBUG 'ansible_navigator.main' After rollback: ansible_runner_timeout = 'Not set' (Constants/Not set)
2024-03-12T20:49:37.830691+00:00 DEBUG 'ansible_navigator.main' After rollback: ansible_runner_write_job_events = 'Not set' (Constants/Not set)
2024-03-12T20:49:37.830706+00:00 DEBUG 'ansible_navigator.main' After rollback: app = 'Not set' (Constants/Not set)
2024-03-12T20:49:37.830720+00:00 DEBUG 'ansible_navigator.main' After rollback: cmdline = 'Not set' (Constants/Not set)
2024-03-12T20:49:37.830733+00:00 DEBUG 'ansible_navigator.main' After rollback: collection_doc_cache_path = 'Not set' (Constants/Not set)
2024-03-12T20:49:37.830747+00:00 DEBUG 'ansible_navigator.main' After rollback: config = 'Not set' (Constants/Not set)
2024-03-12T20:49:37.830760+00:00 DEBUG 'ansible_navigator.main' After rollback: container_engine = 'Not set' (Constants/Not set)
2024-03-12T20:49:37.830774+00:00 DEBUG 'ansible_navigator.main' After rollback: container_options = 'Not set' (Constants/Not set)
2024-03-12T20:49:37.830787+00:00 DEBUG 'ansible_navigator.main' After rollback: display_color = 'Not set' (Constants/Not set)
2024-03-12T20:49:37.830801+00:00 DEBUG 'ansible_navigator.main' After rollback: editor_command = 'Not set' (Constants/Not set)
2024-03-12T20:49:37.830814+00:00 DEBUG 'ansible_navigator.main' After rollback: editor_console = 'Not set' (Constants/Not set)
2024-03-12T20:49:37.830827+00:00 DEBUG 'ansible_navigator.main' After rollback: enable_prompts = 'Not set' (Constants/Not set)
2024-03-12T20:49:37.830840+00:00 DEBUG 'ansible_navigator.main' After rollback: exec_command = 'Not set' (Constants/Not set)
2024-03-12T20:49:37.830853+00:00 DEBUG 'ansible_navigator.main' After rollback: exec_shell = 'Not set' (Constants/Not set)
2024-03-12T20:49:37.830866+00:00 DEBUG 'ansible_navigator.main' After rollback: execution_environment = 'Not set' (Constants/Not set)
2024-03-12T20:49:37.830879+00:00 DEBUG 'ansible_navigator.main' After rollback: execution_environment_image = 'Not set' (Constants/Not set)
2024-03-12T20:49:37.830893+00:00 DEBUG 'ansible_navigator.main' After rollback: execution_environment_volume_mounts = 'Not set' (Constants/Not set)
2024-03-12T20:49:37.830906+00:00 DEBUG 'ansible_navigator.main' After rollback: format = 'Not set' (Constants/Not set)
2024-03-12T20:49:37.830918+00:00 DEBUG 'ansible_navigator.main' After rollback: help_builder = 'Not set' (Constants/Not set)
2024-03-12T20:49:37.830931+00:00 DEBUG 'ansible_navigator.main' After rollback: help_config = 'Not set' (Constants/Not set)
2024-03-12T20:49:37.830945+00:00 DEBUG 'ansible_navigator.main' After rollback: help_doc = 'Not set' (Constants/Not set)
2024-03-12T20:49:37.830958+00:00 DEBUG 'ansible_navigator.main' After rollback: help_inventory = 'Not set' (Constants/Not set)
2024-03-12T20:49:37.830970+00:00 DEBUG 'ansible_navigator.main' After rollback: help_playbook = 'Not set' (Constants/Not set)
2024-03-12T20:49:37.830984+00:00 DEBUG 'ansible_navigator.main' After rollback: images_details = 'Not set' (Constants/Not set)
2024-03-12T20:49:37.831001+00:00 DEBUG 'ansible_navigator.main' After rollback: inventory = 'Not set' (Constants/Not set)
2024-03-12T20:49:37.831014+00:00 DEBUG 'ansible_navigator.main' After rollback: inventory_column = 'Not set' (Constants/Not set)
2024-03-12T20:49:37.831028+00:00 DEBUG 'ansible_navigator.main' After rollback: lint_config = 'Not set' (Constants/Not set)
2024-03-12T20:49:37.831041+00:00 DEBUG 'ansible_navigator.main' After rollback: lintables = 'Not set' (Constants/Not set)
2024-03-12T20:49:37.831057+00:00 DEBUG 'ansible_navigator.main' After rollback: log_append = 'Not set' (Constants/Not set)
2024-03-12T20:49:37.831071+00:00 DEBUG 'ansible_navigator.main' After rollback: log_file = 'Not set' (Constants/Not set)
2024-03-12T20:49:37.831084+00:00 DEBUG 'ansible_navigator.main' After rollback: log_level = 'Not set' (Constants/Not set)
2024-03-12T20:49:37.831097+00:00 DEBUG 'ansible_navigator.main' After rollback: mode = 'Not set' (Constants/Not set)
2024-03-12T20:49:37.831110+00:00 DEBUG 'ansible_navigator.main' After rollback: osc4 = 'Not set' (Constants/Not set)
2024-03-12T20:49:37.831126+00:00 DEBUG 'ansible_navigator.main' After rollback: pass_environment_variable = 'Not set' (Constants/Not set)
2024-03-12T20:49:37.831140+00:00 DEBUG 'ansible_navigator.main' After rollback: playbook = 'Not set' (Constants/Not set)
2024-03-12T20:49:37.831154+00:00 DEBUG 'ansible_navigator.main' After rollback: playbook_artifact_enable = 'Not set' (Constants/Not set)
2024-03-12T20:49:37.831167+00:00 DEBUG 'ansible_navigator.main' After rollback: playbook_artifact_replay = 'Not set' (Constants/Not set)
2024-03-12T20:49:37.831180+00:00 DEBUG 'ansible_navigator.main' After rollback: playbook_artifact_save_as = 'Not set' (Constants/Not set)
2024-03-12T20:49:37.831194+00:00 DEBUG 'ansible_navigator.main' After rollback: plugin_name = 'Not set' (Constants/Not set)
2024-03-12T20:49:37.831207+00:00 DEBUG 'ansible_navigator.main' After rollback: plugin_type = 'Not set' (Constants/Not set)
2024-03-12T20:49:37.831220+00:00 DEBUG 'ansible_navigator.main' After rollback: pull_arguments = 'Not set' (Constants/Not set)
2024-03-12T20:49:37.831233+00:00 DEBUG 'ansible_navigator.main' After rollback: pull_policy = 'Not set' (Constants/Not set)
2024-03-12T20:49:37.831246+00:00 DEBUG 'ansible_navigator.main' After rollback: set_environment_variable = 'Not set' (Constants/Not set)
2024-03-12T20:49:37.831258+00:00 DEBUG 'ansible_navigator.main' After rollback: settings_effective = 'Not set' (Constants/Not set)
2024-03-12T20:49:37.831271+00:00 DEBUG 'ansible_navigator.main' After rollback: settings_sample = 'Not set' (Constants/Not set)
2024-03-12T20:49:37.831285+00:00 DEBUG 'ansible_navigator.main' After rollback: settings_schema = 'Not set' (Constants/Not set)
2024-03-12T20:49:37.831297+00:00 DEBUG 'ansible_navigator.main' After rollback: settings_sources = 'Not set' (Constants/Not set)
2024-03-12T20:49:37.831310+00:00 DEBUG 'ansible_navigator.main' After rollback: time_zone = 'Not set' (Constants/Not set)
2024-03-12T20:49:37.831323+00:00 DEBUG 'ansible_navigator.main' After rollback: workdir = 'Not set' (Constants/Not set)
2024-03-12T20:49:37.831335+00:00 DEBUG 'ansible_navigator.main' Configuration rollback complete.
2024-03-12T20:49:37.831348+00:00 DEBUG 'ansible_navigator.main' Collection doc cache not mounted
2024-03-12T20:49:37.831373+00:00 WARNING 'ansible_navigator.main' Issues were found while applying the settings.
2024-03-12T20:49:37.831390+00:00 INFO 'ansible_navigator.main' Command provided: 'run playbooks/backup.yml --vault-id mbehadir@.vault_password --eev /home/mbehadir -m stdout'
2024-03-12T20:49:37.831411+00:00 ERROR 'ansible_navigator.main' The following execution-environment.volume-mounts entry could not be parsed: /home/mbehadir (Command line). Errors were found: Destination not provided.
2024-03-12T20:49:37.831435+00:00 INFO 'ansible_navigator.main' Try again with format <source-path>:<destination-path>:<options>'. Note: options is optional.
2024-03-12T20:49:37.831467+00:00 INFO 'ansible_navigator.main' Configuration failed, using default log file location. (/home/mbehadir/ansible-ex457/ansible-navigator.log) Log level set to debug
2024-03-12T20:49:37.831498+00:00 INFO 'ansible_navigator.main' Review the hints and log file to see what went wrong.
